[debug] [2023-06-17T21:41:59.891Z] ----------------------------------------------------------------------
[debug] [2023-06-17T21:41:59.892Z] Command:       /usr/local/bin/node /usr/local/bin/firebase init
[debug] [2023-06-17T21:41:59.892Z] CLI Version:   12.4.0
[debug] [2023-06-17T21:41:59.893Z] Platform:      darwin
[debug] [2023-06-17T21:41:59.893Z] Node Version:  v18.15.0
[debug] [2023-06-17T21:41:59.894Z] Time:          Sat Jun 17 2023 15:41:59 GMT-0600 (Mountain Daylight Time)
[debug] [2023-06-17T21:41:59.894Z] ----------------------------------------------------------------------
[debug] 
[debug] [2023-06-17T21:41:59.897Z] > command requires scopes: ["email","openid","https://www.googleapis.com/auth/cloudplatformprojects.readonly","https://www.googleapis.com/auth/firebase","https://www.googleapis.com/auth/cloud-platform"]
[debug] [2023-06-17T21:41:59.897Z] > authorizing via signed-in user (erickjgomez99@gmail.com)
[info] 
     ######## #### ########  ######## ########     ###     ######  ########
     ##        ##  ##     ## ##       ##     ##  ##   ##  ##       ##
     ######    ##  ########  ######   ########  #########  ######  ######
     ##        ##  ##    ##  ##       ##     ## ##     ##       ## ##
     ##       #### ##     ## ######## ########  ##     ##  ######  ########

You're about to initialize a Firebase project in this directory:

  /Users/ejgm/InCascade

[info] 
=== Project Setup
[info] 
[info] First, let's associate this project directory with a Firebase project.
[info] You can create multiple project aliases by running firebase use --add, 
[info] but for now we'll just set up a default project.
[info] 
[debug] [2023-06-17T21:42:32.376Z] >>> [apiv2][query] GET https://firebase.googleapis.com/v1beta1/projects pageSize=100
[debug] [2023-06-17T21:42:32.704Z] <<< [apiv2][status] GET https://firebase.googleapis.com/v1beta1/projects 200
[debug] [2023-06-17T21:42:32.704Z] <<< [apiv2][body] GET https://firebase.googleapis.com/v1beta1/projects [omitted]
[info] i  Using project ejgml-47c3c (EJGML) 
[info] 
=== Firestore Setup
[debug] [2023-06-17T21:42:34.058Z] >>> [apiv2][query] GET https://serviceusage.googleapis.com/v1/projects/ejgml-47c3c/services/firestore.googleapis.com [none]
[debug] [2023-06-17T21:42:34.058Z] >>> [apiv2][(partial)header] GET https://serviceusage.googleapis.com/v1/projects/ejgml-47c3c/services/firestore.googleapis.com x-goog-quota-user=projects/ejgml-47c3c
[debug] [2023-06-17T21:42:34.448Z] <<< [apiv2][status] GET https://serviceusage.googleapis.com/v1/projects/ejgml-47c3c/services/firestore.googleapis.com 200
[debug] [2023-06-17T21:42:34.449Z] <<< [apiv2][body] GET https://serviceusage.googleapis.com/v1/projects/ejgml-47c3c/services/firestore.googleapis.com [omitted]
[debug] [2023-06-17T21:42:34.451Z] >>> [apiv2][query] GET https://firestore.googleapis.com/v1/projects/ejgml-47c3c/databases/(default) [none]
[debug] [2023-06-17T21:42:34.713Z] <<< [apiv2][status] GET https://firestore.googleapis.com/v1/projects/ejgml-47c3c/databases/(default) 200
[debug] [2023-06-17T21:42:34.713Z] <<< [apiv2][body] GET https://firestore.googleapis.com/v1/projects/ejgml-47c3c/databases/(default) {"name":"projects/ejgml-47c3c/databases/(default)","uid":"bd7e77f0-f90d-46b6-8a85-a289e6d2c1a4","createTime":"2022-03-08T21:29:41.606984Z","updateTime":"2022-03-08T21:29:41.606984Z","locationId":"nam5","type":"FIRESTORE_NATIVE","concurrencyMode":"PESSIMISTIC","appEngineIntegrationMode":"ENABLED","keyPrefix":"s","deleteProtectionState":"DELETE_PROTECTION_DISABLED","etag":"INiwvO+iy/8CMKHw1uXi+P4C"}
[debug] [2023-06-17T21:42:34.713Z] database_type: FIRESTORE_NATIVE
[debug] [2023-06-17T21:42:34.714Z] > command requires scopes: ["email","openid","https://www.googleapis.com/auth/cloudplatformprojects.readonly","https://www.googleapis.com/auth/firebase","https://www.googleapis.com/auth/cloud-platform"]
[debug] [2023-06-17T21:42:34.714Z] > authorizing via signed-in user (erickjgomez99@gmail.com)
[debug] [2023-06-17T21:42:34.714Z] [iam] checking project ejgml-47c3c for permissions ["firebase.projects.get"]
[debug] [2023-06-17T21:42:34.714Z] >>> [apiv2][query] POST https://cloudresourcemanager.googleapis.com/v1/projects/ejgml-47c3c:testIamPermissions [none]
[debug] [2023-06-17T21:42:34.714Z] >>> [apiv2][(partial)header] POST https://cloudresourcemanager.googleapis.com/v1/projects/ejgml-47c3c:testIamPermissions x-goog-quota-user=projects/ejgml-47c3c
[debug] [2023-06-17T21:42:34.714Z] >>> [apiv2][body] POST https://cloudresourcemanager.googleapis.com/v1/projects/ejgml-47c3c:testIamPermissions {"permissions":["firebase.projects.get"]}
[debug] [2023-06-17T21:42:34.949Z] <<< [apiv2][status] POST https://cloudresourcemanager.googleapis.com/v1/projects/ejgml-47c3c:testIamPermissions 200
[debug] [2023-06-17T21:42:34.950Z] <<< [apiv2][body] POST https://cloudresourcemanager.googleapis.com/v1/projects/ejgml-47c3c:testIamPermissions {"permissions":["firebase.projects.get"]}
[info] 
[info] Firestore Security Rules allow you to define how and when to allow
[info] requests. You can keep these rules in your project directory
[info] and publish them with firebase deploy.
[info] 
[debug] [2023-06-17T21:42:37.290Z] >>> [apiv2][query] GET https://firebaserules.googleapis.com/v1/projects/ejgml-47c3c/releases pageSize=10&pageToken=
[debug] [2023-06-17T21:42:37.477Z] <<< [apiv2][status] GET https://firebaserules.googleapis.com/v1/projects/ejgml-47c3c/releases 200
[debug] [2023-06-17T21:42:37.477Z] <<< [apiv2][body] GET https://firebaserules.googleapis.com/v1/projects/ejgml-47c3c/releases {"releases":[{"name":"projects/ejgml-47c3c/releases/cloud.firestore","rulesetName":"projects/ejgml-47c3c/rulesets/a33a6bec-e676-4023-9363-6f351ede67e0","createTime":"2022-03-08T21:29:52.930619Z","updateTime":"2022-06-26T02:36:15.253457Z"},{"name":"projects/ejgml-47c3c/releases/firebase.storage/ejgml-47c3c.appspot.com","rulesetName":"projects/ejgml-47c3c/rulesets/ca45c256-abec-49a9-9df7-b8e51f456df8","createTime":"2022-04-15T09:16:34.204851Z","updateTime":"2022-06-13T18:35:21.529472Z"}]}
[debug] [2023-06-17T21:42:37.478Z] Found ruleset: projects/ejgml-47c3c/rulesets/a33a6bec-e676-4023-9363-6f351ede67e0
[debug] [2023-06-17T21:42:37.478Z] >>> [apiv2][query] GET https://firebaserules.googleapis.com/v1/projects/ejgml-47c3c/rulesets/a33a6bec-e676-4023-9363-6f351ede67e0 [none]
[debug] [2023-06-17T21:42:37.612Z] <<< [apiv2][status] GET https://firebaserules.googleapis.com/v1/projects/ejgml-47c3c/rulesets/a33a6bec-e676-4023-9363-6f351ede67e0 200
[debug] [2023-06-17T21:42:37.612Z] <<< [apiv2][body] GET https://firebaserules.googleapis.com/v1/projects/ejgml-47c3c/rulesets/a33a6bec-e676-4023-9363-6f351ede67e0 [omitted]
[info] 
[info] Firestore indexes allow you to perform complex queries while
[info] maintaining performance that scales with the size of the result
[info] set. You can keep index definitions in your project directory
[info] and publish them with firebase deploy.
[info] 
[debug] [2023-06-17T21:42:39.122Z] >>> [apiv2][query] GET https://firestore.googleapis.com/v1/projects/ejgml-47c3c/databases/(default)/collectionGroups/-/indexes [none]
[debug] [2023-06-17T21:42:39.123Z] >>> [apiv2][query] GET https://firestore.googleapis.com/v1/projects/ejgml-47c3c/databases/(default)/collectionGroups/-/fields?filter=indexConfig.usesAncestorConfig=false OR ttlConfig:* [none]
[debug] [2023-06-17T21:42:39.334Z] <<< [apiv2][status] GET https://firestore.googleapis.com/v1/projects/ejgml-47c3c/databases/(default)/collectionGroups/-/fields?filter=indexConfig.usesAncestorConfig=false OR ttlConfig:* 200
[debug] [2023-06-17T21:42:39.335Z] <<< [apiv2][body] GET https://firestore.googleapis.com/v1/projects/ejgml-47c3c/databases/(default)/collectionGroups/-/fields?filter=indexConfig.usesAncestorConfig=false OR ttlConfig:* {"fields":[{"name":"projects/ejgml-47c3c/databases/(default)/collectionGroups/__default__/fields/*","indexConfig":{"indexes":[{"queryScope":"COLLECTION","fields":[{"fieldPath":"*","order":"ASCENDING"}],"state":"READY"},{"queryScope":"COLLECTION","fields":[{"fieldPath":"*","order":"DESCENDING"}],"state":"READY"},{"queryScope":"COLLECTION","fields":[{"fieldPath":"*","arrayConfig":"CONTAINS"}],"state":"READY"}]}}]}
[debug] [2023-06-17T21:42:39.410Z] <<< [apiv2][status] GET https://firestore.googleapis.com/v1/projects/ejgml-47c3c/databases/(default)/collectionGroups/-/indexes 200
[debug] [2023-06-17T21:42:39.411Z] <<< [apiv2][body] GET https://firestore.googleapis.com/v1/projects/ejgml-47c3c/databases/(default)/collectionGroups/-/indexes {}
[info] 
=== Hosting Setup
[info] 
[info] Your public directory is the folder (relative to your project directory) that
[info] will contain Hosting assets to be uploaded with firebase deploy. If you
[info] have a build process for your assets, use your build's output directory.
[info] 
